<?xml version="1.0" encoding="UTF-8"?>
<!-- Generated by org.testng.reporters.JUnitXMLReporter -->
<testsuite hostname="WSPF1JWKYR" name="Test" tests="1" failures="1" timestamp="28 Jun 2022 19:09:16 GMT" time="181.615" errors="0">
  <testcase name="Today_Donate_AS_A_GuestUser" time="181.604" classname="TestCases.TestCases">
    <failure type="java.lang.AssertionError" message="Testcasefailed">
      <![CDATA[java.lang.AssertionError: Testcasefailed
	at dE.Page.Methods.PlanCanadaApplication.close(PlanCanadaApplication.java:156)
	at TestCases.TestCases.testEnd(TestCases.java:51)
	at TestCases.TestCases.Today_Donate_AS_A_GuestUser(TestCases.java:86)
	at LaunchScript.LaunchScript.Launch(LaunchScript.java:26)
... Removed 46 stack frames]]>
    </failure>
  </testcase> <!-- Today_Donate_AS_A_GuestUser -->
</testsuite> <!-- Test -->
